  Driver.cpp
C:\Users\Phat K.Tran\OneDrive - VNU-HCMUS\APCS\Year I\2nd\CS162\Final Project\cs162-21apcs\Course_Registration_System\Course_Registration_System\other.h(20,23): warning C4018: '<': signed/unsigned mismatch
C:\Users\Phat K.Tran\OneDrive - VNU-HCMUS\APCS\Year I\2nd\CS162\Final Project\cs162-21apcs\Course_Registration_System\Course_Registration_System\other.h(31,17): warning C4018: '<': signed/unsigned mismatch
C:\Users\Phat K.Tran\OneDrive - VNU-HCMUS\APCS\Year I\2nd\CS162\Final Project\cs162-21apcs\Course_Registration_System\Course_Registration_System\other.h(45,17): warning C4018: '<': signed/unsigned mismatch
C:\Users\Phat K.Tran\OneDrive - VNU-HCMUS\APCS\Year I\2nd\CS162\Final Project\cs162-21apcs\Course_Registration_System\Course_Registration_System\other.h(59,17): warning C4018: '<': signed/unsigned mismatch
C:\Users\Phat K.Tran\OneDrive - VNU-HCMUS\APCS\Year I\2nd\CS162\Final Project\cs162-21apcs\Course_Registration_System\Course_Registration_System\Initialize.h(18,17): warning C4838: conversion from 'int' to 'SHORT' requires a narrowing conversion
C:\Users\Phat K.Tran\OneDrive - VNU-HCMUS\APCS\Year I\2nd\CS162\Final Project\cs162-21apcs\Course_Registration_System\Course_Registration_System\Initialize.h(18,20): warning C4838: conversion from 'int' to 'SHORT' requires a narrowing conversion
C:\Users\Phat K.Tran\OneDrive - VNU-HCMUS\APCS\Year I\2nd\CS162\Final Project\cs162-21apcs\Course_Registration_System\Course_Registration_System\studentProfile.h(37,29): warning C4018: '<': signed/unsigned mismatch
C:\Users\Phat K.Tran\OneDrive - VNU-HCMUS\APCS\Year I\2nd\CS162\Final Project\cs162-21apcs\Course_Registration_System\Course_Registration_System\staffProfile.h(32,29): warning C4018: '<': signed/unsigned mismatch
C:\Users\Phat K.Tran\OneDrive - VNU-HCMUS\APCS\Year I\2nd\CS162\Final Project\cs162-21apcs\Course_Registration_System\Course_Registration_System\other.h(84,29): warning C4018: '<': signed/unsigned mismatch
C:\Users\Phat K.Tran\OneDrive - VNU-HCMUS\APCS\Year I\2nd\CS162\Final Project\cs162-21apcs\Course_Registration_System\Course_Registration_System\getData.h(20): message : see reference to function template instantiation 'void changeName<Student>(_T0 &,std::string)' being compiled
          with
          [
              _T0=Student
          ]
  Generating code
  2 of 341 functions ( 0.6%) were compiled, the rest were copied from previous compilation.
    0 functions were new in current compilation
    1 functions had inline decision re-evaluated but remain unchanged
  Finished generating code
  Course_Registration_System.vcxproj -> C:\Users\Phat K.Tran\OneDrive - VNU-HCMUS\APCS\Year I\2nd\CS162\Final Project\cs162-21apcs\Course_Registration_System\Course_Registration_System\Release\Course_Registration_System.exe
